<?xml version="1.0" encoding="UTF-8"?>
<!-- Generated by org.testng.reporters.JUnitReportReporter -->
<testsuite hostname="DESKTOP-J5JKRU5" failures="0" tests="3" name="HomePageLoading" time="8.560" errors="0" timestamp="27 Apr 2020 11:31:14 GMT" skipped="0">
  <testcase classname="HomePageLoading" name="login" time="3.503"/>
  <testcase classname="HomePageLoading" name="searchItem" time="2.693"/>
  <testcase classname="HomePageLoading" name="searchItem" time="2.364"/>
</testsuite> <!-- HomePageLoading -->
